Determining if the pthread_create exist failed with the following output:
Change Dir: /home/xavier/catkin_ws/build/cmt_test_python/CMakeFiles/CMakeTmp

Run Build Command:"/usr/bin/make" "cmTC_d336f/fast"
/usr/bin/make -f CMakeFiles/cmTC_d336f.dir/build.make CMakeFiles/cmTC_d336f.dir/build
make[1]: Entering directory '/home/xavier/catkin_ws/build/cmt_test_python/CMakeFiles/CMakeTmp'
Building C object CMakeFiles/cmTC_d336f.dir/CheckSymbolExists.c.o
/usr/bin/cc    -o CMakeFiles/cmTC_d336f.dir/CheckSymbolExists.c.o   -c /home/xavier/catkin_ws/build/cmt_test_python/CMakeFiles/CMakeTmp/CheckSymbolExists.c
Linking C executable cmTC_d336f
/usr/bin/cmake -E cmake_link_script CMakeFiles/cmTC_d336f.dir/link.txt --verbose=1
/usr/bin/cc      -rdynamic CMakeFiles/cmTC_d336f.dir/CheckSymbolExists.c.o  -o cmTC_d336f 
CMakeFiles/cmTC_d336f.dir/CheckSymbolExists.c.o: In function `main':
CheckSymbolExists.c:(.text+0x14): undefined reference to `pthread_create'
CheckSymbolExists.c:(.text+0x18): undefined reference to `pthread_create'
collect2: error: ld returned 1 exit status
CMakeFiles/cmTC_d336f.dir/build.make:97: recipe for target 'cmTC_d336f' failed
make[1]: *** [cmTC_d336f] Error 1
make[1]: Leaving directory '/home/xavier/catkin_ws/build/cmt_test_python/CMakeFiles/CMakeTmp'
Makefile:126: recipe for target 'cmTC_d336f/fast' failed
make: *** [cmTC_d336f/fast] Error 2

File /home/xavier/catkin_ws/build/cmt_test_python/CMakeFiles/CMakeTmp/CheckSymbolExists.c:
/* */
#include <pthread.h>

int main(int argc, char** argv)
{
  (void)argv;
#ifndef pthread_create
  return ((int*)(&pthread_create))[argc];
#else
  (void)argc;
  return 0;
#endif
}

Determining if the function pthread_create exists in the pthreads failed with the following output:
Change Dir: /home/xavier/catkin_ws/build/cmt_test_python/CMakeFiles/CMakeTmp

Run Build Command:"/usr/bin/make" "cmTC_4ea8f/fast"
/usr/bin/make -f CMakeFiles/cmTC_4ea8f.dir/build.make CMakeFiles/cmTC_4ea8f.dir/build
make[1]: Entering directory '/home/xavier/catkin_ws/build/cmt_test_python/CMakeFiles/CMakeTmp'
Building C object CMakeFiles/cmTC_4ea8f.dir/CheckFunctionExists.c.o
/usr/bin/cc   -DCHECK_FUNCTION_EXISTS=pthread_create   -o CMakeFiles/cmTC_4ea8f.dir/CheckFunctionExists.c.o   -c /usr/share/cmake-3.10/Modules/CheckFunctionExists.c
Linking C executable cmTC_4ea8f
/usr/bin/cmake -E cmake_link_script CMakeFiles/cmTC_4ea8f.dir/link.txt --verbose=1
/usr/bin/cc  -DCHECK_FUNCTION_EXISTS=pthread_create    -rdynamic CMakeFiles/cmTC_4ea8f.dir/CheckFunctionExists.c.o  -o cmTC_4ea8f -lpthreads 
/usr/bin/ld: cannot find -lpthreads
collect2: error: ld returned 1 exit status
CMakeFiles/cmTC_4ea8f.dir/build.make:97: recipe for target 'cmTC_4ea8f' failed
make[1]: *** [cmTC_4ea8f] Error 1
make[1]: Leaving directory '/home/xavier/catkin_ws/build/cmt_test_python/CMakeFiles/CMakeTmp'
Makefile:126: recipe for target 'cmTC_4ea8f/fast' failed
make: *** [cmTC_4ea8f/fast] Error 2


