Determining if the pthread_create exist failed with the following output:
Change Dir: /home/xavier/catkin_ws/build/hector_geotiff/CMakeFiles/CMakeTmp

Run Build Command:"/usr/bin/make" "cmTC_b5743/fast"
/usr/bin/make -f CMakeFiles/cmTC_b5743.dir/build.make CMakeFiles/cmTC_b5743.dir/build
make[1]: Entering directory '/home/xavier/catkin_ws/build/hector_geotiff/CMakeFiles/CMakeTmp'
Building C object CMakeFiles/cmTC_b5743.dir/CheckSymbolExists.c.o
/usr/bin/cc    -o CMakeFiles/cmTC_b5743.dir/CheckSymbolExists.c.o   -c /home/xavier/catkin_ws/build/hector_geotiff/CMakeFiles/CMakeTmp/CheckSymbolExists.c
Linking C executable cmTC_b5743
/usr/bin/cmake -E cmake_link_script CMakeFiles/cmTC_b5743.dir/link.txt --verbose=1
/usr/bin/cc      -rdynamic CMakeFiles/cmTC_b5743.dir/CheckSymbolExists.c.o  -o cmTC_b5743 
CMakeFiles/cmTC_b5743.dir/CheckSymbolExists.c.o: In function `main':
CheckSymbolExists.c:(.text+0x14): undefined reference to `pthread_create'
CheckSymbolExists.c:(.text+0x18): undefined reference to `pthread_create'
collect2: error: ld returned 1 exit status
CMakeFiles/cmTC_b5743.dir/build.make:97: recipe for target 'cmTC_b5743' failed
make[1]: *** [cmTC_b5743] Error 1
make[1]: Leaving directory '/home/xavier/catkin_ws/build/hector_geotiff/CMakeFiles/CMakeTmp'
Makefile:126: recipe for target 'cmTC_b5743/fast' failed
make: *** [cmTC_b5743/fast] Error 2

File /home/xavier/catkin_ws/build/hector_geotiff/CMakeFiles/CMakeTmp/CheckSymbolExists.c:
/* */
#include <pthread.h>

int main(int argc, char** argv)
{
  (void)argv;
#ifndef pthread_create
  return ((int*)(&pthread_create))[argc];
#else
  (void)argc;
  return 0;
#endif
}

Determining if the function pthread_create exists in the pthreads failed with the following output:
Change Dir: /home/xavier/catkin_ws/build/hector_geotiff/CMakeFiles/CMakeTmp

Run Build Command:"/usr/bin/make" "cmTC_5a596/fast"
/usr/bin/make -f CMakeFiles/cmTC_5a596.dir/build.make CMakeFiles/cmTC_5a596.dir/build
make[1]: Entering directory '/home/xavier/catkin_ws/build/hector_geotiff/CMakeFiles/CMakeTmp'
Building C object CMakeFiles/cmTC_5a596.dir/CheckFunctionExists.c.o
/usr/bin/cc   -DCHECK_FUNCTION_EXISTS=pthread_create   -o CMakeFiles/cmTC_5a596.dir/CheckFunctionExists.c.o   -c /usr/share/cmake-3.10/Modules/CheckFunctionExists.c
Linking C executable cmTC_5a596
/usr/bin/cmake -E cmake_link_script CMakeFiles/cmTC_5a596.dir/link.txt --verbose=1
/usr/bin/cc  -DCHECK_FUNCTION_EXISTS=pthread_create    -rdynamic CMakeFiles/cmTC_5a596.dir/CheckFunctionExists.c.o  -o cmTC_5a596 -lpthreads 
/usr/bin/ld: cannot find -lpthreads
collect2: error: ld returned 1 exit status
CMakeFiles/cmTC_5a596.dir/build.make:97: recipe for target 'cmTC_5a596' failed
make[1]: *** [cmTC_5a596] Error 1
make[1]: Leaving directory '/home/xavier/catkin_ws/build/hector_geotiff/CMakeFiles/CMakeTmp'
Makefile:126: recipe for target 'cmTC_5a596/fast' failed
make: *** [cmTC_5a596/fast] Error 2


Determining if the Q_WS_WIN exist failed with the following output:
Change Dir: /home/xavier/catkin_ws/build/hector_geotiff/CMakeFiles/CMakeTmp

Run Build Command:"/usr/bin/make" "cmTC_6cfbc/fast"
/usr/bin/make -f CMakeFiles/cmTC_6cfbc.dir/build.make CMakeFiles/cmTC_6cfbc.dir/build
make[1]: Entering directory '/home/xavier/catkin_ws/build/hector_geotiff/CMakeFiles/CMakeTmp'
Building CXX object CMakeFiles/cmTC_6cfbc.dir/CheckSymbolExists.cxx.o
/usr/bin/c++   -I/usr/include/qt4   -o CMakeFiles/cmTC_6cfbc.dir/CheckSymbolExists.cxx.o -c /home/xavier/catkin_ws/build/hector_geotiff/CMakeFiles/CMakeTmp/CheckSymbolExists.cxx
/home/xavier/catkin_ws/build/hector_geotiff/CMakeFiles/CMakeTmp/CheckSymbolExists.cxx: In function ‘int main(int, char**)’:
/home/xavier/catkin_ws/build/hector_geotiff/CMakeFiles/CMakeTmp/CheckSymbolExists.cxx:8:19: error: ‘Q_WS_WIN’ was not declared in this scope
   return ((int*)(&Q_WS_WIN))[argc];
                   ^
CMakeFiles/cmTC_6cfbc.dir/build.make:65: recipe for target 'CMakeFiles/cmTC_6cfbc.dir/CheckSymbolExists.cxx.o' failed
make[1]: *** [CMakeFiles/cmTC_6cfbc.dir/CheckSymbolExists.cxx.o] Error 1
make[1]: Leaving directory '/home/xavier/catkin_ws/build/hector_geotiff/CMakeFiles/CMakeTmp'
Makefile:126: recipe for target 'cmTC_6cfbc/fast' failed
make: *** [cmTC_6cfbc/fast] Error 2

File /home/xavier/catkin_ws/build/hector_geotiff/CMakeFiles/CMakeTmp/CheckSymbolExists.cxx:
/* */
#include <QtCore/qglobal.h>

int main(int argc, char** argv)
{
  (void)argv;
#ifndef Q_WS_WIN
  return ((int*)(&Q_WS_WIN))[argc];
#else
  (void)argc;
  return 0;
#endif
}

Determining if the Q_WS_QWS exist failed with the following output:
Change Dir: /home/xavier/catkin_ws/build/hector_geotiff/CMakeFiles/CMakeTmp

Run Build Command:"/usr/bin/make" "cmTC_97c1a/fast"
/usr/bin/make -f CMakeFiles/cmTC_97c1a.dir/build.make CMakeFiles/cmTC_97c1a.dir/build
make[1]: Entering directory '/home/xavier/catkin_ws/build/hector_geotiff/CMakeFiles/CMakeTmp'
Building CXX object CMakeFiles/cmTC_97c1a.dir/CheckSymbolExists.cxx.o
/usr/bin/c++   -I/usr/include/qt4   -o CMakeFiles/cmTC_97c1a.dir/CheckSymbolExists.cxx.o -c /home/xavier/catkin_ws/build/hector_geotiff/CMakeFiles/CMakeTmp/CheckSymbolExists.cxx
/home/xavier/catkin_ws/build/hector_geotiff/CMakeFiles/CMakeTmp/CheckSymbolExists.cxx: In function ‘int main(int, char**)’:
/home/xavier/catkin_ws/build/hector_geotiff/CMakeFiles/CMakeTmp/CheckSymbolExists.cxx:8:19: error: ‘Q_WS_QWS’ was not declared in this scope
   return ((int*)(&Q_WS_QWS))[argc];
                   ^
CMakeFiles/cmTC_97c1a.dir/build.make:65: recipe for target 'CMakeFiles/cmTC_97c1a.dir/CheckSymbolExists.cxx.o' failed
make[1]: *** [CMakeFiles/cmTC_97c1a.dir/CheckSymbolExists.cxx.o] Error 1
make[1]: Leaving directory '/home/xavier/catkin_ws/build/hector_geotiff/CMakeFiles/CMakeTmp'
Makefile:126: recipe for target 'cmTC_97c1a/fast' failed
make: *** [cmTC_97c1a/fast] Error 2

File /home/xavier/catkin_ws/build/hector_geotiff/CMakeFiles/CMakeTmp/CheckSymbolExists.cxx:
/* */
#include <QtCore/qglobal.h>

int main(int argc, char** argv)
{
  (void)argv;
#ifndef Q_WS_QWS
  return ((int*)(&Q_WS_QWS))[argc];
#else
  (void)argc;
  return 0;
#endif
}

Determining if the Q_WS_MAC exist failed with the following output:
Change Dir: /home/xavier/catkin_ws/build/hector_geotiff/CMakeFiles/CMakeTmp

Run Build Command:"/usr/bin/make" "cmTC_16327/fast"
/usr/bin/make -f CMakeFiles/cmTC_16327.dir/build.make CMakeFiles/cmTC_16327.dir/build
make[1]: Entering directory '/home/xavier/catkin_ws/build/hector_geotiff/CMakeFiles/CMakeTmp'
Building CXX object CMakeFiles/cmTC_16327.dir/CheckSymbolExists.cxx.o
/usr/bin/c++   -I/usr/include/qt4   -o CMakeFiles/cmTC_16327.dir/CheckSymbolExists.cxx.o -c /home/xavier/catkin_ws/build/hector_geotiff/CMakeFiles/CMakeTmp/CheckSymbolExists.cxx
/home/xavier/catkin_ws/build/hector_geotiff/CMakeFiles/CMakeTmp/CheckSymbolExists.cxx: In function ‘int main(int, char**)’:
/home/xavier/catkin_ws/build/hector_geotiff/CMakeFiles/CMakeTmp/CheckSymbolExists.cxx:8:19: error: ‘Q_WS_MAC’ was not declared in this scope
   return ((int*)(&Q_WS_MAC))[argc];
                   ^
CMakeFiles/cmTC_16327.dir/build.make:65: recipe for target 'CMakeFiles/cmTC_16327.dir/CheckSymbolExists.cxx.o' failed
make[1]: *** [CMakeFiles/cmTC_16327.dir/CheckSymbolExists.cxx.o] Error 1
make[1]: Leaving directory '/home/xavier/catkin_ws/build/hector_geotiff/CMakeFiles/CMakeTmp'
Makefile:126: recipe for target 'cmTC_16327/fast' failed
make: *** [cmTC_16327/fast] Error 2

File /home/xavier/catkin_ws/build/hector_geotiff/CMakeFiles/CMakeTmp/CheckSymbolExists.cxx:
/* */
#include <QtCore/qglobal.h>

int main(int argc, char** argv)
{
  (void)argv;
#ifndef Q_WS_MAC
  return ((int*)(&Q_WS_MAC))[argc];
#else
  (void)argc;
  return 0;
#endif
}

